<?xml version="1.0" encoding="UTF-8"?>
<testsuite xmlns:xsi="http://www.w3.org/2001/XMLSchema-instance" xsi:noNamespaceSchemaLocation="https://maven.apache.org/surefire/maven-surefire-plugin/xsd/surefire-test-report.xsd" name="TestSuite" time="15.041" tests="63" errors="0" skipped="0" failures="18">
  <properties>
    <property name="java.specification.version" value="14"/>
    <property name="sun.jnu.encoding" value="UTF-8"/>
    <property name="java.class.path" value="/Users/krissetiawany/IdeaProjects/eWalet/target/test-classes:/Users/krissetiawany/IdeaProjects/eWalet/target/classes:/Users/krissetiawany/.m2/repository/junit/junit/4.11/junit-4.11.jar:/Users/krissetiawany/.m2/repository/org/hamcrest/hamcrest-core/1.3/hamcrest-core-1.3.jar:/Users/krissetiawany/.m2/repository/io/rest-assured/rest-assured/3.3.0/rest-assured-3.3.0.jar:/Users/krissetiawany/.m2/repository/org/codehaus/groovy/groovy/2.4.15/groovy-2.4.15.jar:/Users/krissetiawany/.m2/repository/org/codehaus/groovy/groovy-xml/2.4.15/groovy-xml-2.4.15.jar:/Users/krissetiawany/.m2/repository/org/apache/httpcomponents/httpclient/4.5.3/httpclient-4.5.3.jar:/Users/krissetiawany/.m2/repository/org/apache/httpcomponents/httpcore/4.4.6/httpcore-4.4.6.jar:/Users/krissetiawany/.m2/repository/commons-logging/commons-logging/1.2/commons-logging-1.2.jar:/Users/krissetiawany/.m2/repository/org/apache/httpcomponents/httpmime/4.5.3/httpmime-4.5.3.jar:/Users/krissetiawany/.m2/repository/org/hamcrest/hamcrest-library/1.3/hamcrest-library-1.3.jar:/Users/krissetiawany/.m2/repository/org/ccil/cowan/tagsoup/tagsoup/1.2.1/tagsoup-1.2.1.jar:/Users/krissetiawany/.m2/repository/io/rest-assured/json-path/3.3.0/json-path-3.3.0.jar:/Users/krissetiawany/.m2/repository/org/codehaus/groovy/groovy-json/2.4.15/groovy-json-2.4.15.jar:/Users/krissetiawany/.m2/repository/io/rest-assured/rest-assured-common/3.3.0/rest-assured-common-3.3.0.jar:/Users/krissetiawany/.m2/repository/io/rest-assured/xml-path/3.3.0/xml-path-3.3.0.jar:/Users/krissetiawany/.m2/repository/org/apache/commons/commons-lang3/3.4/commons-lang3-3.4.jar:/Users/krissetiawany/.m2/repository/javax/xml/bind/jaxb-api/2.2.12/jaxb-api-2.2.12.jar:/Users/krissetiawany/.m2/repository/com/sun/xml/bind/jaxb-osgi/2.2.10/jaxb-osgi-2.2.10.jar:/Users/krissetiawany/.m2/repository/org/apache/sling/org.apache.sling.javax.activation/0.1.0/org.apache.sling.javax.activation-0.1.0.jar:/Users/krissetiawany/.m2/repository/javax/activation/activation/1.1.1/activation-1.1.1.jar:/Users/krissetiawany/.m2/repository/org/testng/testng/6.14.3/testng-6.14.3.jar:/Users/krissetiawany/.m2/repository/com/beust/jcommander/1.72/jcommander-1.72.jar:/Users/krissetiawany/.m2/repository/org/apache-extras/beanshell/bsh/2.0b6/bsh-2.0b6.jar:/Users/krissetiawany/.m2/repository/com/googlecode/json-simple/json-simple/1.1.1/json-simple-1.1.1.jar:/Users/krissetiawany/.m2/repository/org/apache/poi/poi/4.1.0/poi-4.1.0.jar:/Users/krissetiawany/.m2/repository/commons-codec/commons-codec/1.12/commons-codec-1.12.jar:/Users/krissetiawany/.m2/repository/org/apache/commons/commons-collections4/4.3/commons-collections4-4.3.jar:/Users/krissetiawany/.m2/repository/org/apache/commons/commons-math3/3.6.1/commons-math3-3.6.1.jar:/Users/krissetiawany/.m2/repository/org/apache/poi/poi-ooxml/4.1.1/poi-ooxml-4.1.1.jar:/Users/krissetiawany/.m2/repository/org/apache/poi/poi-ooxml-schemas/4.1.1/poi-ooxml-schemas-4.1.1.jar:/Users/krissetiawany/.m2/repository/org/apache/xmlbeans/xmlbeans/3.1.0/xmlbeans-3.1.0.jar:/Users/krissetiawany/.m2/repository/org/apache/commons/commons-compress/1.19/commons-compress-1.19.jar:/Users/krissetiawany/.m2/repository/com/github/virtuald/curvesapi/1.06/curvesapi-1.06.jar:/Users/krissetiawany/.m2/repository/com/aventstack/extentreports/4.0.9/extentreports-4.0.9.jar:/Users/krissetiawany/.m2/repository/org/freemarker/freemarker/2.3.23/freemarker-2.3.23.jar:/Users/krissetiawany/.m2/repository/org/mongodb/mongodb-driver/3.3.0/mongodb-driver-3.3.0.jar:/Users/krissetiawany/.m2/repository/org/mongodb/mongodb-driver-core/3.3.0/mongodb-driver-core-3.3.0.jar:/Users/krissetiawany/.m2/repository/org/mongodb/bson/3.3.0/bson-3.3.0.jar:/Users/krissetiawany/.m2/repository/com/google/code/gson/gson/2.8.5/gson-2.8.5.jar:/Users/krissetiawany/.m2/repository/log4j/log4j/1.2.17/log4j-1.2.17.jar:"/>
    <property name="java.vm.vendor" value="Oracle Corporation"/>
    <property name="sun.arch.data.model" value="64"/>
    <property name="java.vendor.url" value="https://java.oracle.com/"/>
    <property name="os.name" value="Mac OS X"/>
    <property name="java.vm.specification.version" value="14"/>
    <property name="sun.java.launcher" value="SUN_STANDARD"/>
    <property name="user.country" value="ID"/>
    <property name="sun.boot.library.path" value="/Library/Java/JavaVirtualMachines/jdk-14.0.1.jdk/Contents/Home/lib"/>
    <property name="sun.java.command" value="/Users/krissetiawany/IdeaProjects/eWalet/target/surefire/surefirebooter6857335855357856070.jar /Users/krissetiawany/IdeaProjects/eWalet/target/surefire 2020-05-15T09-45-55_183-jvmRun1 surefire14853433129416945907tmp surefire_03224142634952438643tmp"/>
    <property name="http.nonProxyHosts" value="local|*.local|169.254/16|*.169.254/16"/>
    <property name="jdk.debug" value="release"/>
    <property name="surefire.test.class.path" value="/Users/krissetiawany/IdeaProjects/eWalet/target/test-classes:/Users/krissetiawany/IdeaProjects/eWalet/target/classes:/Users/krissetiawany/.m2/repository/junit/junit/4.11/junit-4.11.jar:/Users/krissetiawany/.m2/repository/org/hamcrest/hamcrest-core/1.3/hamcrest-core-1.3.jar:/Users/krissetiawany/.m2/repository/io/rest-assured/rest-assured/3.3.0/rest-assured-3.3.0.jar:/Users/krissetiawany/.m2/repository/org/codehaus/groovy/groovy/2.4.15/groovy-2.4.15.jar:/Users/krissetiawany/.m2/repository/org/codehaus/groovy/groovy-xml/2.4.15/groovy-xml-2.4.15.jar:/Users/krissetiawany/.m2/repository/org/apache/httpcomponents/httpclient/4.5.3/httpclient-4.5.3.jar:/Users/krissetiawany/.m2/repository/org/apache/httpcomponents/httpcore/4.4.6/httpcore-4.4.6.jar:/Users/krissetiawany/.m2/repository/commons-logging/commons-logging/1.2/commons-logging-1.2.jar:/Users/krissetiawany/.m2/repository/org/apache/httpcomponents/httpmime/4.5.3/httpmime-4.5.3.jar:/Users/krissetiawany/.m2/repository/org/hamcrest/hamcrest-library/1.3/hamcrest-library-1.3.jar:/Users/krissetiawany/.m2/repository/org/ccil/cowan/tagsoup/tagsoup/1.2.1/tagsoup-1.2.1.jar:/Users/krissetiawany/.m2/repository/io/rest-assured/json-path/3.3.0/json-path-3.3.0.jar:/Users/krissetiawany/.m2/repository/org/codehaus/groovy/groovy-json/2.4.15/groovy-json-2.4.15.jar:/Users/krissetiawany/.m2/repository/io/rest-assured/rest-assured-common/3.3.0/rest-assured-common-3.3.0.jar:/Users/krissetiawany/.m2/repository/io/rest-assured/xml-path/3.3.0/xml-path-3.3.0.jar:/Users/krissetiawany/.m2/repository/org/apache/commons/commons-lang3/3.4/commons-lang3-3.4.jar:/Users/krissetiawany/.m2/repository/javax/xml/bind/jaxb-api/2.2.12/jaxb-api-2.2.12.jar:/Users/krissetiawany/.m2/repository/com/sun/xml/bind/jaxb-osgi/2.2.10/jaxb-osgi-2.2.10.jar:/Users/krissetiawany/.m2/repository/org/apache/sling/org.apache.sling.javax.activation/0.1.0/org.apache.sling.javax.activation-0.1.0.jar:/Users/krissetiawany/.m2/repository/javax/activation/activation/1.1.1/activation-1.1.1.jar:/Users/krissetiawany/.m2/repository/org/testng/testng/6.14.3/testng-6.14.3.jar:/Users/krissetiawany/.m2/repository/com/beust/jcommander/1.72/jcommander-1.72.jar:/Users/krissetiawany/.m2/repository/org/apache-extras/beanshell/bsh/2.0b6/bsh-2.0b6.jar:/Users/krissetiawany/.m2/repository/com/googlecode/json-simple/json-simple/1.1.1/json-simple-1.1.1.jar:/Users/krissetiawany/.m2/repository/org/apache/poi/poi/4.1.0/poi-4.1.0.jar:/Users/krissetiawany/.m2/repository/commons-codec/commons-codec/1.12/commons-codec-1.12.jar:/Users/krissetiawany/.m2/repository/org/apache/commons/commons-collections4/4.3/commons-collections4-4.3.jar:/Users/krissetiawany/.m2/repository/org/apache/commons/commons-math3/3.6.1/commons-math3-3.6.1.jar:/Users/krissetiawany/.m2/repository/org/apache/poi/poi-ooxml/4.1.1/poi-ooxml-4.1.1.jar:/Users/krissetiawany/.m2/repository/org/apache/poi/poi-ooxml-schemas/4.1.1/poi-ooxml-schemas-4.1.1.jar:/Users/krissetiawany/.m2/repository/org/apache/xmlbeans/xmlbeans/3.1.0/xmlbeans-3.1.0.jar:/Users/krissetiawany/.m2/repository/org/apache/commons/commons-compress/1.19/commons-compress-1.19.jar:/Users/krissetiawany/.m2/repository/com/github/virtuald/curvesapi/1.06/curvesapi-1.06.jar:/Users/krissetiawany/.m2/repository/com/aventstack/extentreports/4.0.9/extentreports-4.0.9.jar:/Users/krissetiawany/.m2/repository/org/freemarker/freemarker/2.3.23/freemarker-2.3.23.jar:/Users/krissetiawany/.m2/repository/org/mongodb/mongodb-driver/3.3.0/mongodb-driver-3.3.0.jar:/Users/krissetiawany/.m2/repository/org/mongodb/mongodb-driver-core/3.3.0/mongodb-driver-core-3.3.0.jar:/Users/krissetiawany/.m2/repository/org/mongodb/bson/3.3.0/bson-3.3.0.jar:/Users/krissetiawany/.m2/repository/com/google/code/gson/gson/2.8.5/gson-2.8.5.jar:/Users/krissetiawany/.m2/repository/log4j/log4j/1.2.17/log4j-1.2.17.jar:"/>
    <property name="sun.cpu.endian" value="little"/>
    <property name="user.home" value="/Users/krissetiawany"/>
    <property name="user.language" value="en"/>
    <property name="java.specification.vendor" value="Oracle Corporation"/>
    <property name="java.version.date" value="2020-04-14"/>
    <property name="java.home" value="/Library/Java/JavaVirtualMachines/jdk-14.0.1.jdk/Contents/Home"/>
    <property name="file.separator" value="/"/>
    <property name="basedir" value="/Users/krissetiawany/IdeaProjects/eWalet"/>
    <property name="java.vm.compressedOopsMode" value="Zero based"/>
    <property name="line.separator" value="&#10;"/>
    <property name="java.specification.name" value="Java Platform API Specification"/>
    <property name="java.vm.specification.vendor" value="Oracle Corporation"/>
    <property name="surefire.real.class.path" value="/Users/krissetiawany/IdeaProjects/eWalet/target/surefire/surefirebooter6857335855357856070.jar"/>
    <property name="sun.management.compiler" value="HotSpot 64-Bit Tiered Compilers"/>
    <property name="ftp.nonProxyHosts" value="local|*.local|169.254/16|*.169.254/16"/>
    <property name="java.runtime.version" value="14.0.1+7"/>
    <property name="user.name" value="krissetiawany"/>
    <property name="path.separator" value=":"/>
    <property name="os.version" value="10.15.2"/>
    <property name="java.runtime.name" value="Java(TM) SE Runtime Environment"/>
    <property name="file.encoding" value="UTF-8"/>
    <property name="java.vm.name" value="Java HotSpot(TM) 64-Bit Server VM"/>
    <property name="localRepository" value="/Users/krissetiawany/.m2/repository"/>
    <property name="java.vendor.url.bug" value="https://bugreport.java.com/bugreport/"/>
    <property name="java.io.tmpdir" value="/var/folders/hx/d_1qt72x751f210c3_j0ksgc3nn86z/T/"/>
    <property name="java.version" value="14.0.1"/>
    <property name="user.dir" value="/Users/krissetiawany/IdeaProjects/eWalet"/>
    <property name="os.arch" value="x86_64"/>
    <property name="java.vm.specification.name" value="Java Virtual Machine Specification"/>
    <property name="java.library.path" value="/Users/krissetiawany/Library/Java/Extensions:/Library/Java/Extensions:/Network/Library/Java/Extensions:/System/Library/Java/Extensions:/usr/lib/java:."/>
    <property name="java.vm.info" value="mixed mode, sharing"/>
    <property name="java.vendor" value="Oracle Corporation"/>
    <property name="java.vm.version" value="14.0.1+7"/>
    <property name="sun.io.unicode.encoding" value="UnicodeBig"/>
    <property name="socksNonProxyHosts" value="local|*.local|169.254/16|*.169.254/16"/>
    <property name="java.class.version" value="58.0"/>
  </properties>
  <testcase name="checkDataBody" classname="G2.Project.Test.TS02.TC_Login_01" time="0.023">
    <failure message="class java.util.HashMap cannot be cast to class java.lang.String (java.util.HashMap and java.lang.String are in module java.base of loader &apos;bootstrap&apos;)" type="java.lang.ClassCastException">java.lang.ClassCastException: class java.util.HashMap cannot be cast to class java.lang.String (java.util.HashMap and java.lang.String are in module java.base of loader 'bootstrap')
	at G2.Project.Test.TS02.TC_Login_01.checkDataBody(TC_Login_01.java:60)
</failure>
    <system-err><![CDATA[May 15, 2020 9:45:55 AM G2.Project.Test.TS02.TC_Login_01 setUpTCLogin01
INFO: ***** G2.Project.Test.TS02.TC_Login_01 *****
May 15, 2020 9:45:58 AM G2.Project.Base.TestBase checkData
INFO: ***** Check Data Field *****
]]></system-err>
  </testcase>
  <testcase name="checkHeader" classname="G2.Project.Test.TS02.TC_Login_01" time="0.004"/>
  <testcase name="checkLength" classname="G2.Project.Test.TS02.TC_Login_01" time="0.005">
    <failure type="java.lang.NumberFormatException:">java.lang.NumberFormatException: null
	at G2.Project.Test.TS02.TC_Login_01.checkLength(TC_Login_01.java:85)
</failure>
    <system-err><![CDATA[May 15, 2020 9:45:58 AM G2.Project.Base.TestBase checkContentLength
INFO: ***** Check Content Length *****
May 15, 2020 9:45:58 AM G2.Project.Base.TestBase checkContentLength
INFO: Content Encoding = null
]]></system-err>
  </testcase>
  <testcase name="checkResponseBody" classname="G2.Project.Test.TS02.TC_Login_01" time="0.002"/>
  <testcase name="checkResponseTime" classname="G2.Project.Test.TS02.TC_Login_01" time="0.002"/>
  <testcase name="checkStatusCode" classname="G2.Project.Test.TS02.TC_Login_01" time="0.002"/>
  <testcase name="checkStatusLine" classname="G2.Project.Test.TS02.TC_Login_01" time="0.002"/>
  <testcase name="checkDataBody" classname="G2.Project.Test.TS02.TC_Login_02" time="0.011">
    <failure type="java.lang.NullPointerException">java.lang.NullPointerException
	at G2.Project.Test.TS02.TC_Login_02.checkDataBody(TC_Login_02.java:40)
</failure>
    <system-err><![CDATA[May 15, 2020 9:45:58 AM G2.Project.Test.TS02.TC_Login_02 setUpTCLogin02
INFO: ***** G2.Project.Test.TS02.TC_Login_02 *****
May 15, 2020 9:45:59 AM G2.Project.Base.TestBase checkData
INFO: ***** Check Data Field *****
May 15, 2020 9:45:59 AM G2.Project.Base.TestBase checkData
INFO: Data = null
]]></system-err>
  </testcase>
  <testcase name="checkHeader" classname="G2.Project.Test.TS02.TC_Login_02" time="0.001"/>
  <testcase name="checkLength" classname="G2.Project.Test.TS02.TC_Login_02" time="0.002">
    <failure type="java.lang.NumberFormatException:">java.lang.NumberFormatException: null
	at G2.Project.Test.TS02.TC_Login_02.checkLength(TC_Login_02.java:65)
</failure>
    <system-err><![CDATA[May 15, 2020 9:45:59 AM G2.Project.Base.TestBase checkContentLength
INFO: ***** Check Content Length *****
May 15, 2020 9:45:59 AM G2.Project.Base.TestBase checkContentLength
INFO: Content Encoding = null
]]></system-err>
  </testcase>
  <testcase name="checkResponseBody" classname="G2.Project.Test.TS02.TC_Login_02" time="0.002"/>
  <testcase name="checkResponseTime" classname="G2.Project.Test.TS02.TC_Login_02" time="0.002"/>
  <testcase name="checkStatusCode" classname="G2.Project.Test.TS02.TC_Login_02" time="0.002"/>
  <testcase name="checkStatusLine" classname="G2.Project.Test.TS02.TC_Login_02" time="0.002"/>
  <testcase name="checkDataBody" classname="G2.Project.Test.TS02.TC_Login_03" time="0.011">
    <failure type="java.lang.NullPointerException">java.lang.NullPointerException
	at G2.Project.Test.TS02.TC_Login_03.checkDataBody(TC_Login_03.java:40)
</failure>
    <system-err><![CDATA[May 15, 2020 9:45:59 AM G2.Project.Test.TS02.TC_Login_03 setUpTCLogin03
INFO: ***** G2.Project.Test.TS02.TC_Login_03 *****
May 15, 2020 9:46:01 AM G2.Project.Base.TestBase checkData
INFO: ***** Check Data Field *****
May 15, 2020 9:46:01 AM G2.Project.Base.TestBase checkData
INFO: Data = null
]]></system-err>
  </testcase>
  <testcase name="checkHeader" classname="G2.Project.Test.TS02.TC_Login_03" time="0.002"/>
  <testcase name="checkLength" classname="G2.Project.Test.TS02.TC_Login_03" time="0.002">
    <failure type="java.lang.NumberFormatException:">java.lang.NumberFormatException: null
	at G2.Project.Test.TS02.TC_Login_03.checkLength(TC_Login_03.java:65)
</failure>
    <system-err><![CDATA[May 15, 2020 9:46:01 AM G2.Project.Base.TestBase checkContentLength
INFO: ***** Check Content Length *****
May 15, 2020 9:46:01 AM G2.Project.Base.TestBase checkContentLength
INFO: Content Encoding = null
]]></system-err>
  </testcase>
  <testcase name="checkResponseBody" classname="G2.Project.Test.TS02.TC_Login_03" time="0.002"/>
  <testcase name="checkResponseTime" classname="G2.Project.Test.TS02.TC_Login_03" time="0.002"/>
  <testcase name="checkStatusCode" classname="G2.Project.Test.TS02.TC_Login_03" time="0.002"/>
  <testcase name="checkStatusLine" classname="G2.Project.Test.TS02.TC_Login_03" time="0.001"/>
  <testcase name="checkDataBody" classname="G2.Project.Test.TS02.TC_Login_04" time="0.011">
    <failure type="java.lang.NullPointerException">java.lang.NullPointerException
	at G2.Project.Test.TS02.TC_Login_04.checkDataBody(TC_Login_04.java:40)
</failure>
    <system-err><![CDATA[May 15, 2020 9:46:01 AM G2.Project.Test.TS02.TC_Login_04 setUpTCLogin04
INFO: ***** G2.Project.Test.TS02.TC_Login_04 *****
May 15, 2020 9:46:02 AM G2.Project.Base.TestBase checkData
INFO: ***** Check Data Field *****
May 15, 2020 9:46:02 AM G2.Project.Base.TestBase checkData
INFO: Data = null
]]></system-err>
  </testcase>
  <testcase name="checkHeader" classname="G2.Project.Test.TS02.TC_Login_04" time="0.001"/>
  <testcase name="checkLength" classname="G2.Project.Test.TS02.TC_Login_04" time="0.002">
    <failure type="java.lang.NumberFormatException:">java.lang.NumberFormatException: null
	at G2.Project.Test.TS02.TC_Login_04.checkLength(TC_Login_04.java:65)
</failure>
    <system-err><![CDATA[May 15, 2020 9:46:02 AM G2.Project.Base.TestBase checkContentLength
INFO: ***** Check Content Length *****
May 15, 2020 9:46:02 AM G2.Project.Base.TestBase checkContentLength
INFO: Content Encoding = null
]]></system-err>
  </testcase>
  <testcase name="checkResponseBody" classname="G2.Project.Test.TS02.TC_Login_04" time="0.001"/>
  <testcase name="checkResponseTime" classname="G2.Project.Test.TS02.TC_Login_04" time="0.002"/>
  <testcase name="checkStatusCode" classname="G2.Project.Test.TS02.TC_Login_04" time="0.001"/>
  <testcase name="checkStatusLine" classname="G2.Project.Test.TS02.TC_Login_04" time="0.002"/>
  <testcase name="checkDataBody" classname="G2.Project.Test.TS02.TC_Login_05" time="0.011">
    <failure type="java.lang.NullPointerException">java.lang.NullPointerException
	at G2.Project.Test.TS02.TC_Login_05.checkDataBody(TC_Login_05.java:40)
</failure>
    <system-err><![CDATA[May 15, 2020 9:46:03 AM G2.Project.Test.TS02.TC_Login_05 setUpTCLogin05
INFO: ***** G2.Project.Test.TS02.TC_Login_05 *****
May 15, 2020 9:46:04 AM G2.Project.Base.TestBase checkData
INFO: ***** Check Data Field *****
May 15, 2020 9:46:04 AM G2.Project.Base.TestBase checkData
INFO: Data = null
]]></system-err>
  </testcase>
  <testcase name="checkHeader" classname="G2.Project.Test.TS02.TC_Login_05" time="0.001"/>
  <testcase name="checkLength" classname="G2.Project.Test.TS02.TC_Login_05" time="0.002">
    <failure type="java.lang.NumberFormatException:">java.lang.NumberFormatException: null
	at G2.Project.Test.TS02.TC_Login_05.checkLength(TC_Login_05.java:65)
</failure>
    <system-err><![CDATA[May 15, 2020 9:46:04 AM G2.Project.Base.TestBase checkContentLength
INFO: ***** Check Content Length *****
May 15, 2020 9:46:04 AM G2.Project.Base.TestBase checkContentLength
INFO: Content Encoding = null
]]></system-err>
  </testcase>
  <testcase name="checkResponseBody" classname="G2.Project.Test.TS02.TC_Login_05" time="0.002"/>
  <testcase name="checkResponseTime" classname="G2.Project.Test.TS02.TC_Login_05" time="0.006"/>
  <testcase name="checkStatusCode" classname="G2.Project.Test.TS02.TC_Login_05" time="0.002"/>
  <testcase name="checkStatusLine" classname="G2.Project.Test.TS02.TC_Login_05" time="0.002"/>
  <testcase name="checkDataBody" classname="G2.Project.Test.TS02.TC_Login_06" time="0.01">
    <failure type="java.lang.NullPointerException">java.lang.NullPointerException
	at G2.Project.Test.TS02.TC_Login_06.checkDataBody(TC_Login_06.java:40)
</failure>
    <system-err><![CDATA[May 15, 2020 9:46:04 AM G2.Project.Test.TS02.TC_Login_06 setUpTCLogin06
INFO: ***** G2.Project.Test.TS02.TC_Login_06 *****
May 15, 2020 9:46:05 AM G2.Project.Base.TestBase checkData
INFO: ***** Check Data Field *****
May 15, 2020 9:46:05 AM G2.Project.Base.TestBase checkData
INFO: Data = null
]]></system-err>
  </testcase>
  <testcase name="checkHeader" classname="G2.Project.Test.TS02.TC_Login_06" time="0.001"/>
  <testcase name="checkLength" classname="G2.Project.Test.TS02.TC_Login_06" time="0.001">
    <failure type="java.lang.NumberFormatException:">java.lang.NumberFormatException: null
	at G2.Project.Test.TS02.TC_Login_06.checkLength(TC_Login_06.java:65)
</failure>
    <system-err><![CDATA[May 15, 2020 9:46:05 AM G2.Project.Base.TestBase checkContentLength
INFO: ***** Check Content Length *****
May 15, 2020 9:46:05 AM G2.Project.Base.TestBase checkContentLength
INFO: Content Encoding = null
]]></system-err>
  </testcase>
  <testcase name="checkResponseBody" classname="G2.Project.Test.TS02.TC_Login_06" time="0.002"/>
  <testcase name="checkResponseTime" classname="G2.Project.Test.TS02.TC_Login_06" time="0.002"/>
  <testcase name="checkStatusCode" classname="G2.Project.Test.TS02.TC_Login_06" time="0.002"/>
  <testcase name="checkStatusLine" classname="G2.Project.Test.TS02.TC_Login_06" time="0.003"/>
  <testcase name="checkDataBody" classname="G2.Project.Test.TS02.TC_Login_07" time="0.013">
    <failure type="java.lang.NullPointerException">java.lang.NullPointerException
	at G2.Project.Test.TS02.TC_Login_07.checkDataBody(TC_Login_07.java:40)
</failure>
    <system-err><![CDATA[May 15, 2020 9:46:05 AM G2.Project.Test.TS02.TC_Login_07 setUpTCLogin07
INFO: ***** G2.Project.Test.TS02.TC_Login_07 *****
May 15, 2020 9:46:07 AM G2.Project.Base.TestBase checkData
INFO: ***** Check Data Field *****
May 15, 2020 9:46:07 AM G2.Project.Base.TestBase checkData
INFO: Data = null
]]></system-err>
  </testcase>
  <testcase name="checkHeader" classname="G2.Project.Test.TS02.TC_Login_07" time="0.002"/>
  <testcase name="checkLength" classname="G2.Project.Test.TS02.TC_Login_07" time="0.002">
    <failure type="java.lang.NumberFormatException:">java.lang.NumberFormatException: null
	at G2.Project.Test.TS02.TC_Login_07.checkLength(TC_Login_07.java:65)
</failure>
    <system-err><![CDATA[May 15, 2020 9:46:07 AM G2.Project.Base.TestBase checkContentLength
INFO: ***** Check Content Length *****
May 15, 2020 9:46:07 AM G2.Project.Base.TestBase checkContentLength
INFO: Content Encoding = null
]]></system-err>
  </testcase>
  <testcase name="checkResponseBody" classname="G2.Project.Test.TS02.TC_Login_07" time="0.001"/>
  <testcase name="checkResponseTime" classname="G2.Project.Test.TS02.TC_Login_07" time="0.002"/>
  <testcase name="checkStatusCode" classname="G2.Project.Test.TS02.TC_Login_07" time="0.002"/>
  <testcase name="checkStatusLine" classname="G2.Project.Test.TS02.TC_Login_07" time="0.001"/>
  <testcase name="checkDataBody" classname="G2.Project.Test.TS02.TC_Login_08" time="0.009">
    <failure type="java.lang.NullPointerException">java.lang.NullPointerException
	at G2.Project.Test.TS02.TC_Login_08.checkDataBody(TC_Login_08.java:40)
</failure>
    <system-err><![CDATA[May 15, 2020 9:46:07 AM G2.Project.Test.TS02.TC_Login_08 setUpTCLogin08
INFO: ***** G2.Project.Test.TS02.TC_Login_08 *****
May 15, 2020 9:46:08 AM G2.Project.Base.TestBase checkData
INFO: ***** Check Data Field *****
May 15, 2020 9:46:08 AM G2.Project.Base.TestBase checkData
INFO: Data = null
]]></system-err>
  </testcase>
  <testcase name="checkHeader" classname="G2.Project.Test.TS02.TC_Login_08" time="0"/>
  <testcase name="checkLength" classname="G2.Project.Test.TS02.TC_Login_08" time="0.001">
    <failure type="java.lang.NumberFormatException:">java.lang.NumberFormatException: null
	at G2.Project.Test.TS02.TC_Login_08.checkLength(TC_Login_08.java:65)
</failure>
    <system-err><![CDATA[May 15, 2020 9:46:08 AM G2.Project.Base.TestBase checkContentLength
INFO: ***** Check Content Length *****
May 15, 2020 9:46:08 AM G2.Project.Base.TestBase checkContentLength
INFO: Content Encoding = null
]]></system-err>
  </testcase>
  <testcase name="checkResponseBody" classname="G2.Project.Test.TS02.TC_Login_08" time="0.001"/>
  <testcase name="checkResponseTime" classname="G2.Project.Test.TS02.TC_Login_08" time="0.002"/>
  <testcase name="checkStatusCode" classname="G2.Project.Test.TS02.TC_Login_08" time="0.002"/>
  <testcase name="checkStatusLine" classname="G2.Project.Test.TS02.TC_Login_08" time="0.002"/>
  <testcase name="checkDataBody" classname="G2.Project.Test.TS02.TC_Login_09" time="0.01">
    <failure type="java.lang.NullPointerException">java.lang.NullPointerException
	at G2.Project.Test.TS02.TC_Login_09.checkDataBody(TC_Login_09.java:38)
</failure>
    <system-err><![CDATA[May 15, 2020 9:46:08 AM G2.Project.Test.TS02.TC_Login_09 setUpTCLogin09
INFO: ***** G2.Project.Test.TS02.TC_Login_09 *****
May 15, 2020 9:46:09 AM G2.Project.Base.TestBase checkData
INFO: ***** Check Data Field *****
May 15, 2020 9:46:09 AM G2.Project.Base.TestBase checkData
INFO: Data = null
]]></system-err>
  </testcase>
  <testcase name="checkHeader" classname="G2.Project.Test.TS02.TC_Login_09" time="0.001"/>
  <testcase name="checkLength" classname="G2.Project.Test.TS02.TC_Login_09" time="0.001">
    <failure type="java.lang.NumberFormatException:">java.lang.NumberFormatException: null
	at G2.Project.Test.TS02.TC_Login_09.checkLength(TC_Login_09.java:63)
</failure>
    <system-err><![CDATA[May 15, 2020 9:46:09 AM G2.Project.Base.TestBase checkContentLength
INFO: ***** Check Content Length *****
May 15, 2020 9:46:09 AM G2.Project.Base.TestBase checkContentLength
INFO: Content Encoding = null
]]></system-err>
  </testcase>
  <testcase name="checkResponseBody" classname="G2.Project.Test.TS02.TC_Login_09" time="0.001"/>
  <testcase name="checkResponseTime" classname="G2.Project.Test.TS02.TC_Login_09" time="0.002"/>
  <testcase name="checkStatusCode" classname="G2.Project.Test.TS02.TC_Login_09" time="0.001"/>
  <testcase name="checkStatusLine" classname="G2.Project.Test.TS02.TC_Login_09" time="0.002"/>
</testsuite>