<?xml version="1.0" encoding="UTF-8"?>
<!-- Generated by org.testng.reporters.JUnitReportReporter -->
<testsuite hostname="DNID0689L01.local" failures="0" tests="5" name="G2.Project.Test.TS12.TC_TopUpBalance_04" time="0.016" errors="0" timestamp="16 May 2020 10:27:33 GMT" skipped="0">
  <testcase classname="G2.Project.Test.TS12.TC_TopUpBalance_04" name="checkResponseBody" time="0.003"/>
  <testcase classname="G2.Project.Test.TS12.TC_TopUpBalance_04" name="checkHeader" time="0.005"/>
  <testcase classname="G2.Project.Test.TS12.TC_TopUpBalance_04" name="checkStatusLine" time="0.003"/>
  <testcase classname="G2.Project.Test.TS12.TC_TopUpBalance_04" name="checkResponseTime" time="0.004"/>
  <testcase classname="G2.Project.Test.TS12.TC_TopUpBalance_04" name="checkStatusCode" time="0.001"/>
</testsuite> <!-- G2.Project.Test.TS12.TC_TopUpBalance_04 -->
