<?xml version="1.0" encoding="UTF-8"?>
<!-- Generated by org.testng.reporters.JUnitReportReporter -->
<testsuite hostname="DNID0689L01.local" failures="0" tests="5" name="G2.Project.Test.TS01.TC_Signup_08" time="0.008" errors="0" timestamp="17 May 2020 14:02:34 GMT" skipped="0">
  <testcase classname="G2.Project.Test.TS01.TC_Signup_08" name="checkStatusLine" time="0.001"/>
  <testcase classname="G2.Project.Test.TS01.TC_Signup_08" name="checkHeader" time="0.002"/>
  <testcase classname="G2.Project.Test.TS01.TC_Signup_08" name="checkStatusCode" time="0.002"/>
  <testcase classname="G2.Project.Test.TS01.TC_Signup_08" name="checkResponseTime" time="0.002"/>
  <testcase classname="G2.Project.Test.TS01.TC_Signup_08" name="checkResponseBody" time="0.001"/>
</testsuite> <!-- G2.Project.Test.TS01.TC_Signup_08 -->
