<?xml version="1.0" encoding="UTF-8"?>
<!-- Generated by org.testng.reporters.JUnitReportReporter -->
<testsuite hostname="DNID0688L01.local" failures="0" tests="5" name="G2.Project.Test.TS02.TC_Login_07" time="0.025" errors="0" timestamp="16 May 2020 13:58:10 GMT" skipped="0">
  <testcase classname="G2.Project.Test.TS02.TC_Login_07" name="checkResponseBody" time="0.001"/>
  <testcase classname="G2.Project.Test.TS02.TC_Login_07" name="checkHeader" time="0.003"/>
  <testcase classname="G2.Project.Test.TS02.TC_Login_07" name="checkStatusLine" time="0.008"/>
  <testcase classname="G2.Project.Test.TS02.TC_Login_07" name="checkResponseTime" time="0.002"/>
  <testcase classname="G2.Project.Test.TS02.TC_Login_07" name="checkStatusCode" time="0.011"/>
</testsuite> <!-- G2.Project.Test.TS02.TC_Login_07 -->
