<?xml version="1.0" encoding="UTF-8"?>
<!-- Generated by org.testng.reporters.JUnitReportReporter -->
<testsuite hostname="DNID0688L01.local" failures="0" tests="5" name="G2.Project.Test.TS10.TC_ConfirmMerchantTopup_02" time="0.008" errors="0" timestamp="16 May 2020 14:22:21 GMT" skipped="0">
  <testcase classname="G2.Project.Test.TS10.TC_ConfirmMerchantTopup_02" name="checkStatusLine" time="0.002"/>
  <testcase classname="G2.Project.Test.TS10.TC_ConfirmMerchantTopup_02" name="checkStatusCode" time="0.001"/>
  <testcase classname="G2.Project.Test.TS10.TC_ConfirmMerchantTopup_02" name="checkResponseBody" time="0.002"/>
  <testcase classname="G2.Project.Test.TS10.TC_ConfirmMerchantTopup_02" name="checkHeader" time="0.002"/>
  <testcase classname="G2.Project.Test.TS10.TC_ConfirmMerchantTopup_02" name="checkResponseTime" time="0.001"/>
</testsuite> <!-- G2.Project.Test.TS10.TC_ConfirmMerchantTopup_02 -->
