<?xml version="1.0" encoding="UTF-8"?>
<!-- Generated by org.testng.reporters.JUnitReportReporter -->
<testsuite hostname="DNID0689L01.local" failures="0" tests="6" name="G2.Project.Test.TS09.TC_GetPaymentMethod_01" time="0.019" errors="0" timestamp="17 May 2020 08:23:50 GMT" skipped="0">
  <testcase classname="G2.Project.Test.TS09.TC_GetPaymentMethod_01" name="checkResponseBody" time="0.001"/>
  <testcase classname="G2.Project.Test.TS09.TC_GetPaymentMethod_01" name="checkDataBody" time="0.009"/>
  <testcase classname="G2.Project.Test.TS09.TC_GetPaymentMethod_01" name="checkStatusCode" time="0.004"/>
  <testcase classname="G2.Project.Test.TS09.TC_GetPaymentMethod_01" name="checkStatusLine" time="0.002"/>
  <testcase classname="G2.Project.Test.TS09.TC_GetPaymentMethod_01" name="checkHeader" time="0.001"/>
  <testcase classname="G2.Project.Test.TS09.TC_GetPaymentMethod_01" name="checkResponseTime" time="0.002"/>
</testsuite> <!-- G2.Project.Test.TS09.TC_GetPaymentMethod_01 -->
