<?xml version="1.0" encoding="UTF-8"?>
<!-- Generated by org.testng.reporters.JUnitReportReporter -->
<testsuite hostname="DNID0689L01.local" failures="0" tests="5" name="G2.Project.Test.TS02.TC_Login_09" time="0.003" errors="0" timestamp="15 May 2020 03:20:12 GMT" skipped="0">
  <testcase classname="G2.Project.Test.TS02.TC_Login_09" name="checkResponseTime" time="0.001"/>
  <testcase classname="G2.Project.Test.TS02.TC_Login_09" name="checkHeader" time="0.001"/>
  <testcase classname="G2.Project.Test.TS02.TC_Login_09" name="checkResponseBody" time="0.000"/>
  <testcase classname="G2.Project.Test.TS02.TC_Login_09" name="checkStatusLine" time="0.001"/>
  <testcase classname="G2.Project.Test.TS02.TC_Login_09" name="checkStatusCode" time="0.000"/>
</testsuite> <!-- G2.Project.Test.TS02.TC_Login_09 -->
