<?xml version="1.0" encoding="UTF-8"?>
<!-- Generated by org.testng.reporters.JUnitReportReporter -->
<testsuite hostname="DNID0689L01.local" failures="0" tests="5" name="G2.Project.Test.TS10.TC_ConfirmMerchantTopup_01" time="0.010" errors="0" timestamp="15 May 2020 14:50:27 GMT" skipped="0">
  <testcase classname="G2.Project.Test.TS10.TC_ConfirmMerchantTopup_01" name="checkResponseBody" time="0.002"/>
  <testcase classname="G2.Project.Test.TS10.TC_ConfirmMerchantTopup_01" name="checkResponseTime" time="0.002"/>
  <testcase classname="G2.Project.Test.TS10.TC_ConfirmMerchantTopup_01" name="checkStatusLine" time="0.002"/>
  <testcase classname="G2.Project.Test.TS10.TC_ConfirmMerchantTopup_01" name="checkHeader" time="0.002"/>
  <testcase classname="G2.Project.Test.TS10.TC_ConfirmMerchantTopup_01" name="checkStatusCode" time="0.002"/>
</testsuite> <!-- G2.Project.Test.TS10.TC_ConfirmMerchantTopup_01 -->
