<?xml version="1.0" encoding="UTF-8"?>
<!-- Generated by org.testng.reporters.JUnitReportReporter -->
<testsuite hostname="DNID0689L01.local" failures="0" tests="5" name="G2.Project.Test.TS12.TC_TopUpBalance_05" time="0.009" errors="0" timestamp="17 May 2020 14:39:34 GMT" skipped="0">
  <testcase classname="G2.Project.Test.TS12.TC_TopUpBalance_05" name="checkResponseBody" time="0.001"/>
  <testcase classname="G2.Project.Test.TS12.TC_TopUpBalance_05" name="checkStatusCode" time="0.002"/>
  <testcase classname="G2.Project.Test.TS12.TC_TopUpBalance_05" name="checkResponseTime" time="0.002"/>
  <testcase classname="G2.Project.Test.TS12.TC_TopUpBalance_05" name="checkHeader" time="0.002"/>
  <testcase classname="G2.Project.Test.TS12.TC_TopUpBalance_05" name="checkStatusLine" time="0.002"/>
</testsuite> <!-- G2.Project.Test.TS12.TC_TopUpBalance_05 -->
