<?xml version="1.0" encoding="UTF-8"?>
<!-- Generated by org.testng.reporters.JUnitReportReporter -->
<testsuite hostname="DNID0688L01.local" failures="0" tests="5" name="G2.Project.Test.TS13.TC_TransferReceipt_03" time="0.019" errors="0" timestamp="16 May 2020 14:22:21 GMT" skipped="0">
  <testcase classname="G2.Project.Test.TS13.TC_TransferReceipt_03" name="checkHeader" time="0.009"/>
  <testcase classname="G2.Project.Test.TS13.TC_TransferReceipt_03" name="checkResponseTime" time="0.003"/>
  <testcase classname="G2.Project.Test.TS13.TC_TransferReceipt_03" name="checkStatusLine" time="0.003"/>
  <testcase classname="G2.Project.Test.TS13.TC_TransferReceipt_03" name="checkStatusCode" time="0.003"/>
  <testcase classname="G2.Project.Test.TS13.TC_TransferReceipt_03" name="checkResponseBody" time="0.001"/>
</testsuite> <!-- G2.Project.Test.TS13.TC_TransferReceipt_03 -->
