<?xml version="1.0" encoding="UTF-8"?>
<!-- Generated by org.testng.reporters.JUnitReportReporter -->
<testsuite hostname="DNID0689L01.local" failures="0" tests="2" name="G2.Project.Test.Value" time="0.011" errors="0" timestamp="13 May 2020 08:08:35 GMT" skipped="0">
  <testcase classname="G2.Project.Test.Value" name="TestVale" time="0.001"/>
  <testcase classname="G2.Project.Test.Value" name="TestVale" time="0.010"/>
</testsuite> <!-- G2.Project.Test.Value -->
