<?xml version="1.0" encoding="UTF-8"?>
<!-- Generated by org.testng.reporters.JUnitReportReporter -->
<testsuite hostname="DNID0689L01.local" failures="0" tests="4" name="G2.Project.Test.TS13.TC_TransferReceipt_06" time="0.007" errors="0" timestamp="17 May 2020 08:23:50 GMT" skipped="0">
  <testcase classname="G2.Project.Test.TS13.TC_TransferReceipt_06" name="checkResponseTime" time="0.002"/>
  <testcase classname="G2.Project.Test.TS13.TC_TransferReceipt_06" name="checkResponseBody" time="0.002"/>
  <testcase classname="G2.Project.Test.TS13.TC_TransferReceipt_06" name="checkStatusCode" time="0.002"/>
  <testcase classname="G2.Project.Test.TS13.TC_TransferReceipt_06" name="checkStatusLine" time="0.001"/>
</testsuite> <!-- G2.Project.Test.TS13.TC_TransferReceipt_06 -->
