<?xml version="1.0" encoding="UTF-8"?>
<!-- Generated by org.testng.reporters.JUnitReportReporter -->
<testsuite hostname="DNID0689L01.local" failures="0" tests="4" name="G2.Project.Test.TS13.TC_TransferReceipt_05" time="0.007" errors="0" timestamp="17 May 2020 14:39:34 GMT" skipped="0">
  <testcase classname="G2.Project.Test.TS13.TC_TransferReceipt_05" name="checkStatusLine" time="0.002"/>
  <testcase classname="G2.Project.Test.TS13.TC_TransferReceipt_05" name="checkResponseTime" time="0.002"/>
  <testcase classname="G2.Project.Test.TS13.TC_TransferReceipt_05" name="checkStatusCode" time="0.002"/>
  <testcase classname="G2.Project.Test.TS13.TC_TransferReceipt_05" name="checkResponseBody" time="0.001"/>
</testsuite> <!-- G2.Project.Test.TS13.TC_TransferReceipt_05 -->
